[debug] [2021-08-22T18:48:20.779Z] ----------------------------------------------------------------------
[debug] [2021-08-22T18:48:20.781Z] Command:       C:\Program Files\nodejs\node.exe C:\Users\ARJUN SINGH\AppData\Roaming\npm\node_modules\firebase-tools\lib\bin\firebase.js emulators:start
[debug] [2021-08-22T18:48:20.781Z] CLI Version:   9.16.0
[debug] [2021-08-22T18:48:20.781Z] Platform:      win32
[debug] [2021-08-22T18:48:20.781Z] Node Version:  v14.17.0
[debug] [2021-08-22T18:48:20.783Z] Time:          Mon Aug 23 2021 00:18:20 GMT+0530 (India Standard Time)
[debug] [2021-08-22T18:48:20.783Z] ----------------------------------------------------------------------
[debug] 
[debug] [2021-08-22T18:48:20.785Z] >>> [apiv2][query] GET https://firebase-public.firebaseio.com/cli.json [none]
[debug] [2021-08-22T18:48:20.855Z] > command requires scopes: ["email","openid","https://www.googleapis.com/auth/cloudplatformprojects.readonly","https://www.googleapis.com/auth/firebase","https://www.googleapis.com/auth/cloud-platform"]
[debug] [2021-08-22T18:48:20.855Z] > authorizing via signed-in user (191230014@nitdelhi.ac.in)
[info] i  emulators: Starting emulators: functions, hosting {"metadata":{"emulator":{"name":"hub"},"message":"Starting emulators: functions, hosting"}}
[warn] !  emulators: It seems that you are running multiple instances of the emulator suite for project benze-ecommerce. This may result in unexpected behavior. 
[debug] [2021-08-22T18:48:20.989Z] [hub] writing locator at C:\Users\ARJUNS~1\AppData\Local\Temp\hub-benze-ecommerce.json
[warn] !  functions: The following emulators are not running, calls to these services from the Functions emulator will affect production: auth, firestore, database, pubsub, storage {"metadata":{"emulator":{"name":"functions"},"message":"The following emulators are not running, calls to these services from the Functions emulator will affect production: \u001b[1mauth, firestore, database, pubsub, storage\u001b[22m"}}
[info] +  functions: Using node@14 from host. {"metadata":{"emulator":{"name":"functions"},"message":"Using node@14 from host."}}
[debug] [2021-08-22T18:48:21.009Z] defaultcredentials: writing to file C:\Users\ARJUN SINGH\AppData\Roaming\firebase\191230014_nitdelhi_ac.in_application_default_credentials.json
[debug] [2021-08-22T18:48:21.011Z] Setting GAC to C:\Users\ARJUN SINGH\AppData\Roaming\firebase\191230014_nitdelhi_ac.in_application_default_credentials.json {"metadata":{"emulator":{"name":"functions"},"message":"Setting GAC to C:\\Users\\ARJUN SINGH\\AppData\\Roaming\\firebase\\191230014_nitdelhi_ac.in_application_default_credentials.json"}}
[debug] [2021-08-22T18:48:21.012Z] > refreshing access token with scopes: []
[debug] [2021-08-22T18:48:21.013Z] >>> HTTP REQUEST POST https://www.googleapis.com/oauth2/v3/token  
 <request body omitted>
[debug] [2021-08-22T18:48:21.480Z] <<< HTTP RESPONSE 200 {"cache-control":"no-cache, no-store, max-age=0, must-revalidate","date":"Sun, 22 Aug 2021 18:48:22 GMT","expires":"Mon, 01 Jan 1990 00:00:00 GMT","pragma":"no-cache","content-type":"application/json; charset=utf-8","vary":"X-Origin, Referer, Origin,Accept-Encoding","server":"scaffolding on HTTPServer2","x-xss-protection":"0","x-frame-options":"SAMEORIGIN","x-content-type-options":"nosniff","alt-svc":"h3=\":443\"; ma=2592000,h3-29=\":443\"; ma=2592000,h3-T051=\":443\"; ma=2592000,h3-Q050=\":443\"; ma=2592000,h3-Q046=\":443\"; ma=2592000,h3-Q043=\":443\"; ma=2592000,quic=\":443\"; ma=2592000; v=\"46,43\"","accept-ranges":"none","transfer-encoding":"chunked"}
[debug] [2021-08-22T18:48:21.499Z] >>> [apiv2][query] GET https://firebase.googleapis.com/v1beta1/projects/benze-ecommerce/adminSdkConfig [none]
[debug] [2021-08-22T18:48:22.292Z] <<< [apiv2][status] GET https://firebase-public.firebaseio.com/cli.json 200
[debug] [2021-08-22T18:48:22.293Z] <<< [apiv2][body] GET https://firebase-public.firebaseio.com/cli.json {"cloudBuildErrorAfter":1594252800000,"cloudBuildWarnAfter":1590019200000,"defaultNode10After":1594252800000,"minVersion":"3.0.5","node8DeploysDisabledAfter":1613390400000,"node8RuntimeDisabledAfter":1615809600000,"node8WarnAfter":1600128000000}
[debug] [2021-08-22T18:48:22.346Z] <<< [apiv2][status] GET https://firebase.googleapis.com/v1beta1/projects/benze-ecommerce/adminSdkConfig 200
[debug] [2021-08-22T18:48:22.346Z] <<< [apiv2][body] GET https://firebase.googleapis.com/v1beta1/projects/benze-ecommerce/adminSdkConfig {"projectId":"benze-ecommerce","storageBucket":"benze-ecommerce.appspot.com","locationId":"asia-east2"}
[debug] [2021-08-22T18:48:22.363Z] >>> [apiv2][query] GET https://firebasehosting.googleapis.com/v1beta1/projects/benze-ecommerce/sites 
[debug] [2021-08-22T18:48:24.914Z] <<< [apiv2][status] GET https://firebasehosting.googleapis.com/v1beta1/projects/benze-ecommerce/sites 200
[debug] [2021-08-22T18:48:24.914Z] <<< [apiv2][body] GET https://firebasehosting.googleapis.com/v1beta1/projects/benze-ecommerce/sites {"sites":[{"name":"projects/166882437836/sites/benze-ecommerce","defaultUrl":"https://benze-ecommerce.web.app","appId":"1:166882437836:web:7f0e37ef085daf5dc43069","type":"DEFAULT_SITE"}]}
[debug] [2021-08-22T18:48:24.914Z] >>> [apiv2][query] GET https://firebase.googleapis.com/v1beta1/projects/benze-ecommerce/webApps/1:166882437836:web:7f0e37ef085daf5dc43069/config [none]
[debug] [2021-08-22T18:48:26.783Z] <<< [apiv2][status] GET https://firebase.googleapis.com/v1beta1/projects/benze-ecommerce/webApps/1:166882437836:web:7f0e37ef085daf5dc43069/config 200
[debug] [2021-08-22T18:48:26.784Z] <<< [apiv2][body] GET https://firebase.googleapis.com/v1beta1/projects/benze-ecommerce/webApps/1:166882437836:web:7f0e37ef085daf5dc43069/config {"projectId":"benze-ecommerce","appId":"1:166882437836:web:7f0e37ef085daf5dc43069","storageBucket":"benze-ecommerce.appspot.com","locationId":"asia-east2","apiKey":"AIzaSyCqV52mBpR9142pOhhPFVorQhB7Z8OtlU4","authDomain":"benze-ecommerce.firebaseapp.com","messagingSenderId":"166882437836"}
[info] i  hosting: Serving hosting files from: build {"metadata":{"emulator":{"name":"hosting"},"message":"Serving hosting files from: \u001b[1mbuild\u001b[22m"}}
[info] +  hosting: Local server: http://localhost:5000 {"metadata":{"emulator":{"name":"hosting"},"message":"Local server: \u001b[4m\u001b[1mhttp://localhost:5000\u001b[22m\u001b[24m"}}
[warn] !  ui: Emulator UI unable to start on port 4000, starting on 4001 instead. {"metadata":{"emulator":{"name":"ui"},"message":"Emulator UI unable to start on port 4000, starting on 4001 instead."}}
[debug] [2021-08-22T18:48:26.842Z] Ignoring unsupported arg: auto_download {"metadata":{"emulator":{"name":"ui"},"message":"Ignoring unsupported arg: auto_download"}}
[debug] [2021-08-22T18:48:26.842Z] Ignoring unsupported arg: port {"metadata":{"emulator":{"name":"ui"},"message":"Ignoring unsupported arg: port"}}
[debug] [2021-08-22T18:48:26.842Z] Starting Emulator UI with command {"binary":"node","args":["C:\\Users\\ARJUN SINGH\\.cache\\firebase\\emulators\\ui-v1.6.0\\server.bundle.js"],"optionalArgs":[],"joinArgs":false} {"metadata":{"emulator":{"name":"ui"},"message":"Starting Emulator UI with command {\"binary\":\"node\",\"args\":[\"C:\\\\Users\\\\ARJUN SINGH\\\\.cache\\\\firebase\\\\emulators\\\\ui-v1.6.0\\\\server.bundle.js\"],\"optionalArgs\":[],\"joinArgs\":false}"}}
[info] i  ui: Emulator UI logging to ui-debug.log {"metadata":{"emulator":{"name":"ui"},"message":"Emulator UI logging to \u001b[1mui-debug.log\u001b[22m"}}
[debug] [2021-08-22T18:48:26.977Z] Web / API server started at localhost:4001
 {"metadata":{"emulator":{"name":"ui"},"message":"Web / API server started at localhost:4001\n"}}
[info] i  functions: Watching "C:\Users\ARJUN SINGH\Desktop\wildlife\functions" for Cloud Functions... {"metadata":{"emulator":{"name":"functions"},"message":"Watching \"C:\\Users\\ARJUN SINGH\\Desktop\\wildlife\\functions\" for Cloud Functions..."}}
[debug] [2021-08-22T18:48:27.145Z] [worker-pool] addWorker(~diagnostic~) {"metadata":{"emulator":{"name":"functions"},"message":"[worker-pool] addWorker(~diagnostic~)"}}
[debug] [2021-08-22T18:48:27.145Z] [worker-pool] Adding worker with key ~diagnostic~, total=1 {"metadata":{"emulator":{"name":"functions"},"message":"[worker-pool] Adding worker with key ~diagnostic~, total=1"}}
[debug] [2021-08-22T18:48:27.145Z] [worker-pool] submitWork(triggerId=) {"metadata":{"emulator":{"name":"functions"},"message":"[worker-pool] submitWork(triggerId=)"}}
[debug] [2021-08-22T18:48:27.146Z] [worker-~diagnostic~-6dd550f1-7e75-438b-bdaa-1159b38a2fdf]: Assigning socketPath: \\?\pipe\C:\Users\ARJUN SINGH\Desktop\wildlife\functions\15436 {"metadata":{"emulator":{"name":"functions"},"message":"[worker-~diagnostic~-6dd550f1-7e75-438b-bdaa-1159b38a2fdf]: Assigning socketPath: \\\\?\\pipe\\C:\\Users\\ARJUN SINGH\\Desktop\\wildlife\\functions\\15436"}}
[debug] [2021-08-22T18:48:27.146Z] [worker-~diagnostic~-6dd550f1-7e75-438b-bdaa-1159b38a2fdf]: BUSY {"metadata":{"emulator":{"name":"functions"},"message":"[worker-~diagnostic~-6dd550f1-7e75-438b-bdaa-1159b38a2fdf]: BUSY"}}
[debug] [2021-08-22T18:48:27.345Z] [runtime-status] [15436] Functions runtime initialized. {"cwd":"C:\\Users\\ARJUN SINGH\\Desktop\\wildlife\\functions","node_version":"14.17.0"} {"metadata":{"emulator":{"name":"functions"},"message":"[runtime-status] [15436] Functions runtime initialized. {\"cwd\":\"C:\\\\Users\\\\ARJUN SINGH\\\\Desktop\\\\wildlife\\\\functions\",\"node_version\":\"14.17.0\"}"}}
[debug] [2021-08-22T18:48:27.347Z] [runtime-status] [15436] Disabled runtime features: undefined {"metadata":{"emulator":{"name":"functions"},"message":"[runtime-status] [15436] Disabled runtime features: undefined"}}
[debug] [2021-08-22T18:48:27.350Z] [runtime-status] [15436] Resolved module firebase-admin {"declared":true,"installed":true,"version":"9.11.1","resolution":"C:\\Users\\ARJUN SINGH\\Desktop\\wildlife\\functions\\node_modules\\firebase-admin\\lib\\index.js"} {"metadata":{"emulator":{"name":"functions"},"message":"[runtime-status] [15436] Resolved module firebase-admin {\"declared\":true,\"installed\":true,\"version\":\"9.11.1\",\"resolution\":\"C:\\\\Users\\\\ARJUN SINGH\\\\Desktop\\\\wildlife\\\\functions\\\\node_modules\\\\firebase-admin\\\\lib\\\\index.js\"}"}}
[debug] [2021-08-22T18:48:27.354Z] [runtime-status] [15436] Resolved module firebase-functions {"declared":true,"installed":true,"version":"3.15.4","resolution":"C:\\Users\\ARJUN SINGH\\Desktop\\wildlife\\functions\\node_modules\\firebase-functions\\lib\\index.js"} {"metadata":{"emulator":{"name":"functions"},"message":"[runtime-status] [15436] Resolved module firebase-functions {\"declared\":true,\"installed\":true,\"version\":\"3.15.4\",\"resolution\":\"C:\\\\Users\\\\ARJUN SINGH\\\\Desktop\\\\wildlife\\\\functions\\\\node_modules\\\\firebase-functions\\\\lib\\\\index.js\"}"}}
[debug] [2021-08-22T18:48:27.356Z] [runtime-status] [15436] Resolved module firebase-functions {"declared":true,"installed":true,"version":"3.15.4","resolution":"C:\\Users\\ARJUN SINGH\\Desktop\\wildlife\\functions\\node_modules\\firebase-functions\\lib\\index.js"} {"metadata":{"emulator":{"name":"functions"},"message":"[runtime-status] [15436] Resolved module firebase-functions {\"declared\":true,\"installed\":true,\"version\":\"3.15.4\",\"resolution\":\"C:\\\\Users\\\\ARJUN SINGH\\\\Desktop\\\\wildlife\\\\functions\\\\node_modules\\\\firebase-functions\\\\lib\\\\index.js\"}"}}
[debug] [2021-08-22T18:48:27.358Z] [runtime-status] [15436] Outgoing network have been stubbed. [{"name":"http","status":"mocked"},{"name":"http","status":"mocked"},{"name":"https","status":"mocked"},{"name":"https","status":"mocked"},{"name":"net","status":"mocked"}] {"metadata":{"emulator":{"name":"functions"},"message":"[runtime-status] [15436] Outgoing network have been stubbed. [{\"name\":\"http\",\"status\":\"mocked\"},{\"name\":\"http\",\"status\":\"mocked\"},{\"name\":\"https\",\"status\":\"mocked\"},{\"name\":\"https\",\"status\":\"mocked\"},{\"name\":\"net\",\"status\":\"mocked\"}]"}}
[debug] [2021-08-22T18:48:27.359Z] [runtime-status] [15436] Resolved module firebase-functions {"declared":true,"installed":true,"version":"3.15.4","resolution":"C:\\Users\\ARJUN SINGH\\Desktop\\wildlife\\functions\\node_modules\\firebase-functions\\lib\\index.js"} {"metadata":{"emulator":{"name":"functions"},"message":"[runtime-status] [15436] Resolved module firebase-functions {\"declared\":true,\"installed\":true,\"version\":\"3.15.4\",\"resolution\":\"C:\\\\Users\\\\ARJUN SINGH\\\\Desktop\\\\wildlife\\\\functions\\\\node_modules\\\\firebase-functions\\\\lib\\\\index.js\"}"}}
[debug] [2021-08-22T18:48:27.431Z] [runtime-status] [15436] Checked functions.config() {"config":{}} {"metadata":{"emulator":{"name":"functions"},"message":"[runtime-status] [15436] Checked functions.config() {\"config\":{}}"}}
[debug] [2021-08-22T18:48:27.431Z] [runtime-status] [15436] firebase-functions has been stubbed. {"functionsResolution":{"declared":true,"installed":true,"version":"3.15.4","resolution":"C:\\Users\\ARJUN SINGH\\Desktop\\wildlife\\functions\\node_modules\\firebase-functions\\lib\\index.js"}} {"metadata":{"emulator":{"name":"functions"},"message":"[runtime-status] [15436] firebase-functions has been stubbed. {\"functionsResolution\":{\"declared\":true,\"installed\":true,\"version\":\"3.15.4\",\"resolution\":\"C:\\\\Users\\\\ARJUN SINGH\\\\Desktop\\\\wildlife\\\\functions\\\\node_modules\\\\firebase-functions\\\\lib\\\\index.js\"}}"}}
[debug] [2021-08-22T18:48:27.431Z] [runtime-status] [15436] Resolved module firebase-functions {"declared":true,"installed":true,"version":"3.15.4","resolution":"C:\\Users\\ARJUN SINGH\\Desktop\\wildlife\\functions\\node_modules\\firebase-functions\\lib\\index.js"} {"metadata":{"emulator":{"name":"functions"},"message":"[runtime-status] [15436] Resolved module firebase-functions {\"declared\":true,\"installed\":true,\"version\":\"3.15.4\",\"resolution\":\"C:\\\\Users\\\\ARJUN SINGH\\\\Desktop\\\\wildlife\\\\functions\\\\node_modules\\\\firebase-functions\\\\lib\\\\index.js\"}"}}
[debug] [2021-08-22T18:48:27.433Z] [runtime-status] [15436] Resolved module firebase-admin {"declared":true,"installed":true,"version":"9.11.1","resolution":"C:\\Users\\ARJUN SINGH\\Desktop\\wildlife\\functions\\node_modules\\firebase-admin\\lib\\index.js"} {"metadata":{"emulator":{"name":"functions"},"message":"[runtime-status] [15436] Resolved module firebase-admin {\"declared\":true,\"installed\":true,\"version\":\"9.11.1\",\"resolution\":\"C:\\\\Users\\\\ARJUN SINGH\\\\Desktop\\\\wildlife\\\\functions\\\\node_modules\\\\firebase-admin\\\\lib\\\\index.js\"}"}}
[debug] [2021-08-22T18:48:27.433Z] [runtime-status] [15436] Resolved module firebase-functions {"declared":true,"installed":true,"version":"3.15.4","resolution":"C:\\Users\\ARJUN SINGH\\Desktop\\wildlife\\functions\\node_modules\\firebase-functions\\lib\\index.js"} {"metadata":{"emulator":{"name":"functions"},"message":"[runtime-status] [15436] Resolved module firebase-functions {\"declared\":true,\"installed\":true,\"version\":\"3.15.4\",\"resolution\":\"C:\\\\Users\\\\ARJUN SINGH\\\\Desktop\\\\wildlife\\\\functions\\\\node_modules\\\\firebase-functions\\\\lib\\\\index.js\"}"}}
[debug] [2021-08-22T18:48:27.434Z] [runtime-status] [15436] firebase-admin has been stubbed. {"adminResolution":{"declared":true,"installed":true,"version":"9.11.1","resolution":"C:\\Users\\ARJUN SINGH\\Desktop\\wildlife\\functions\\node_modules\\firebase-admin\\lib\\index.js"}} {"metadata":{"emulator":{"name":"functions"},"message":"[runtime-status] [15436] firebase-admin has been stubbed. {\"adminResolution\":{\"declared\":true,\"installed\":true,\"version\":\"9.11.1\",\"resolution\":\"C:\\\\Users\\\\ARJUN SINGH\\\\Desktop\\\\wildlife\\\\functions\\\\node_modules\\\\firebase-admin\\\\lib\\\\index.js\"}}"}}
[info] +  functions[us-central1-api]: http function initialized (http://localhost:5001/benze-ecommerce/us-central1/api). {"metadata":{"emulator":{"name":"functions"},"message":"\u001b[1mhttp\u001b[22m function initialized (http://localhost:5001/benze-ecommerce/us-central1/api)."}}
[info] 
┌─────────────────────────────────────────────────────────────┐
│ ✔  All emulators ready! It is now safe to connect your app. │
│ i  View Emulator UI at http://localhost:4001                │
└─────────────────────────────────────────────────────────────┘

┌───────────┬────────────────┬─────────────────────────────────┐
│ Emulator  │ Host:Port      │ View in Emulator UI             │
├───────────┼────────────────┼─────────────────────────────────┤
│ Functions │ localhost:5001 │ http://localhost:4001/functions │
├───────────┼────────────────┼─────────────────────────────────┤
│ Hosting   │ localhost:5000 │ n/a                             │
└───────────┴────────────────┴─────────────────────────────────┘
  Emulator Hub running at localhost:4400
  Other reserved ports: 4500

Issues? Report them at https://github.com/firebase/firebase-tools/issues and attach the *-debug.log files.
 
[debug] [2021-08-22T18:48:27.686Z] [worker-~diagnostic~-6dd550f1-7e75-438b-bdaa-1159b38a2fdf]: IDLE {"metadata":{"emulator":{"name":"functions"},"message":"[worker-~diagnostic~-6dd550f1-7e75-438b-bdaa-1159b38a2fdf]: IDLE"}}
[debug] [2021-08-22T18:50:57.919Z] [work-queue] {"queueLength":1,"workRunningCount":0}
[debug] [2021-08-22T18:50:57.919Z] [work-queue] {"queueLength":0,"workRunningCount":1}
[debug] [2021-08-22T18:50:57.920Z] Accepted request GET /benze-ecommerce/us-central1/api --> us-central1-api
[debug] [2021-08-22T18:50:57.927Z] [worker-pool] addWorker(us-central1-api) {"metadata":{"emulator":{"name":"functions"},"message":"[worker-pool] addWorker(us-central1-api)"}}
[debug] [2021-08-22T18:50:57.927Z] [worker-pool] Adding worker with key us-central1-api, total=1 {"metadata":{"emulator":{"name":"functions"},"message":"[worker-pool] Adding worker with key us-central1-api, total=1"}}
[debug] [2021-08-22T18:50:57.927Z] [worker-pool] submitWork(triggerId=us-central1-api) {"metadata":{"emulator":{"name":"functions"},"message":"[worker-pool] submitWork(triggerId=us-central1-api)"}}
[debug] [2021-08-22T18:50:57.928Z] [worker-us-central1-api-87326f47-389d-41da-b8be-26bd9a306294]: Assigning socketPath: \\?\pipe\C:\Users\ARJUN SINGH\Desktop\wildlife\functions\12456 {"metadata":{"emulator":{"name":"functions"},"message":"[worker-us-central1-api-87326f47-389d-41da-b8be-26bd9a306294]: Assigning socketPath: \\\\?\\pipe\\C:\\Users\\ARJUN SINGH\\Desktop\\wildlife\\functions\\12456"}}
[debug] [2021-08-22T18:50:57.928Z] [worker-us-central1-api-87326f47-389d-41da-b8be-26bd9a306294]: BUSY {"metadata":{"emulator":{"name":"functions"},"message":"[worker-us-central1-api-87326f47-389d-41da-b8be-26bd9a306294]: BUSY"}}
[debug] [2021-08-22T18:50:58.126Z] [runtime-status] [12456] Functions runtime initialized. {"cwd":"C:\\Users\\ARJUN SINGH\\Desktop\\wildlife\\functions","node_version":"14.17.0"} {"metadata":{"emulator":{"name":"functions"},"function":{"name":"us-central1-api"},"message":"[runtime-status] [12456] Functions runtime initialized. {\"cwd\":\"C:\\\\Users\\\\ARJUN SINGH\\\\Desktop\\\\wildlife\\\\functions\",\"node_version\":\"14.17.0\"}"}}
[debug] [2021-08-22T18:50:58.127Z] [runtime-status] [12456] Disabled runtime features: undefined {"metadata":{"emulator":{"name":"functions"},"function":{"name":"us-central1-api"},"message":"[runtime-status] [12456] Disabled runtime features: undefined"}}
[debug] [2021-08-22T18:50:58.131Z] [runtime-status] [12456] Resolved module firebase-admin {"declared":true,"installed":true,"version":"9.11.1","resolution":"C:\\Users\\ARJUN SINGH\\Desktop\\wildlife\\functions\\node_modules\\firebase-admin\\lib\\index.js"} {"metadata":{"emulator":{"name":"functions"},"function":{"name":"us-central1-api"},"message":"[runtime-status] [12456] Resolved module firebase-admin {\"declared\":true,\"installed\":true,\"version\":\"9.11.1\",\"resolution\":\"C:\\\\Users\\\\ARJUN SINGH\\\\Desktop\\\\wildlife\\\\functions\\\\node_modules\\\\firebase-admin\\\\lib\\\\index.js\"}"}}
[debug] [2021-08-22T18:50:58.134Z] [runtime-status] [12456] Resolved module firebase-functions {"declared":true,"installed":true,"version":"3.15.4","resolution":"C:\\Users\\ARJUN SINGH\\Desktop\\wildlife\\functions\\node_modules\\firebase-functions\\lib\\index.js"} {"metadata":{"emulator":{"name":"functions"},"function":{"name":"us-central1-api"},"message":"[runtime-status] [12456] Resolved module firebase-functions {\"declared\":true,\"installed\":true,\"version\":\"3.15.4\",\"resolution\":\"C:\\\\Users\\\\ARJUN SINGH\\\\Desktop\\\\wildlife\\\\functions\\\\node_modules\\\\firebase-functions\\\\lib\\\\index.js\"}"}}
[debug] [2021-08-22T18:50:58.136Z] [runtime-status] [12456] Resolved module firebase-functions {"declared":true,"installed":true,"version":"3.15.4","resolution":"C:\\Users\\ARJUN SINGH\\Desktop\\wildlife\\functions\\node_modules\\firebase-functions\\lib\\index.js"} {"metadata":{"emulator":{"name":"functions"},"function":{"name":"us-central1-api"},"message":"[runtime-status] [12456] Resolved module firebase-functions {\"declared\":true,\"installed\":true,\"version\":\"3.15.4\",\"resolution\":\"C:\\\\Users\\\\ARJUN SINGH\\\\Desktop\\\\wildlife\\\\functions\\\\node_modules\\\\firebase-functions\\\\lib\\\\index.js\"}"}}
[debug] [2021-08-22T18:50:58.138Z] [runtime-status] [12456] Outgoing network have been stubbed. [{"name":"http","status":"mocked"},{"name":"http","status":"mocked"},{"name":"https","status":"mocked"},{"name":"https","status":"mocked"},{"name":"net","status":"mocked"}] {"metadata":{"emulator":{"name":"functions"},"function":{"name":"us-central1-api"},"message":"[runtime-status] [12456] Outgoing network have been stubbed. [{\"name\":\"http\",\"status\":\"mocked\"},{\"name\":\"http\",\"status\":\"mocked\"},{\"name\":\"https\",\"status\":\"mocked\"},{\"name\":\"https\",\"status\":\"mocked\"},{\"name\":\"net\",\"status\":\"mocked\"}]"}}
[debug] [2021-08-22T18:50:58.139Z] [runtime-status] [12456] Resolved module firebase-functions {"declared":true,"installed":true,"version":"3.15.4","resolution":"C:\\Users\\ARJUN SINGH\\Desktop\\wildlife\\functions\\node_modules\\firebase-functions\\lib\\index.js"} {"metadata":{"emulator":{"name":"functions"},"function":{"name":"us-central1-api"},"message":"[runtime-status] [12456] Resolved module firebase-functions {\"declared\":true,\"installed\":true,\"version\":\"3.15.4\",\"resolution\":\"C:\\\\Users\\\\ARJUN SINGH\\\\Desktop\\\\wildlife\\\\functions\\\\node_modules\\\\firebase-functions\\\\lib\\\\index.js\"}"}}
[debug] [2021-08-22T18:50:58.187Z] [runtime-status] [12456] Checked functions.config() {"config":{}} {"metadata":{"emulator":{"name":"functions"},"function":{"name":"us-central1-api"},"message":"[runtime-status] [12456] Checked functions.config() {\"config\":{}}"}}
[debug] [2021-08-22T18:50:58.188Z] [runtime-status] [12456] firebase-functions has been stubbed. {"functionsResolution":{"declared":true,"installed":true,"version":"3.15.4","resolution":"C:\\Users\\ARJUN SINGH\\Desktop\\wildlife\\functions\\node_modules\\firebase-functions\\lib\\index.js"}} {"metadata":{"emulator":{"name":"functions"},"function":{"name":"us-central1-api"},"message":"[runtime-status] [12456] firebase-functions has been stubbed. {\"functionsResolution\":{\"declared\":true,\"installed\":true,\"version\":\"3.15.4\",\"resolution\":\"C:\\\\Users\\\\ARJUN SINGH\\\\Desktop\\\\wildlife\\\\functions\\\\node_modules\\\\firebase-functions\\\\lib\\\\index.js\"}}"}}
[debug] [2021-08-22T18:50:58.188Z] [runtime-status] [12456] Resolved module firebase-functions {"declared":true,"installed":true,"version":"3.15.4","resolution":"C:\\Users\\ARJUN SINGH\\Desktop\\wildlife\\functions\\node_modules\\firebase-functions\\lib\\index.js"} {"metadata":{"emulator":{"name":"functions"},"function":{"name":"us-central1-api"},"message":"[runtime-status] [12456] Resolved module firebase-functions {\"declared\":true,\"installed\":true,\"version\":\"3.15.4\",\"resolution\":\"C:\\\\Users\\\\ARJUN SINGH\\\\Desktop\\\\wildlife\\\\functions\\\\node_modules\\\\firebase-functions\\\\lib\\\\index.js\"}"}}
[debug] [2021-08-22T18:50:58.189Z] [runtime-status] [12456] Resolved module firebase-admin {"declared":true,"installed":true,"version":"9.11.1","resolution":"C:\\Users\\ARJUN SINGH\\Desktop\\wildlife\\functions\\node_modules\\firebase-admin\\lib\\index.js"} {"metadata":{"emulator":{"name":"functions"},"function":{"name":"us-central1-api"},"message":"[runtime-status] [12456] Resolved module firebase-admin {\"declared\":true,\"installed\":true,\"version\":\"9.11.1\",\"resolution\":\"C:\\\\Users\\\\ARJUN SINGH\\\\Desktop\\\\wildlife\\\\functions\\\\node_modules\\\\firebase-admin\\\\lib\\\\index.js\"}"}}
[debug] [2021-08-22T18:50:58.190Z] [runtime-status] [12456] Resolved module firebase-functions {"declared":true,"installed":true,"version":"3.15.4","resolution":"C:\\Users\\ARJUN SINGH\\Desktop\\wildlife\\functions\\node_modules\\firebase-functions\\lib\\index.js"} {"metadata":{"emulator":{"name":"functions"},"function":{"name":"us-central1-api"},"message":"[runtime-status] [12456] Resolved module firebase-functions {\"declared\":true,\"installed\":true,\"version\":\"3.15.4\",\"resolution\":\"C:\\\\Users\\\\ARJUN SINGH\\\\Desktop\\\\wildlife\\\\functions\\\\node_modules\\\\firebase-functions\\\\lib\\\\index.js\"}"}}
[debug] [2021-08-22T18:50:58.190Z] [runtime-status] [12456] firebase-admin has been stubbed. {"adminResolution":{"declared":true,"installed":true,"version":"9.11.1","resolution":"C:\\Users\\ARJUN SINGH\\Desktop\\wildlife\\functions\\node_modules\\firebase-admin\\lib\\index.js"}} {"metadata":{"emulator":{"name":"functions"},"function":{"name":"us-central1-api"},"message":"[runtime-status] [12456] firebase-admin has been stubbed. {\"adminResolution\":{\"declared\":true,\"installed\":true,\"version\":\"9.11.1\",\"resolution\":\"C:\\\\Users\\\\ARJUN SINGH\\\\Desktop\\\\wildlife\\\\functions\\\\node_modules\\\\firebase-admin\\\\lib\\\\index.js\"}}"}}
[debug] [2021-08-22T18:50:58.362Z] [runtime-status] [12456] Trigger "us-central1-api" has been found, beginning invocation! {"metadata":{"emulator":{"name":"functions"},"function":{"name":"us-central1-api"},"message":"[runtime-status] [12456] Trigger \"us-central1-api\" has been found, beginning invocation!"}}
[info] i  functions: Beginning execution of "us-central1-api" {"metadata":{"emulator":{"name":"functions"},"function":{"name":"us-central1-api"},"message":"Beginning execution of \"us-central1-api\""}}
[debug] [2021-08-22T18:50:58.363Z] [runtime-status] [12456] triggerDefinition {"httpsTrigger":{},"name":"api","entryPoint":"api","regions":["us-central1"],"region":"us-central1","id":"us-central1-api"} {"metadata":{"emulator":{"name":"functions"},"function":{"name":"us-central1-api"},"message":"[runtime-status] [12456] triggerDefinition {\"httpsTrigger\":{},\"name\":\"api\",\"entryPoint\":\"api\",\"regions\":[\"us-central1\"],\"region\":\"us-central1\",\"id\":\"us-central1-api\"}"}}
[debug] [2021-08-22T18:50:58.364Z] [runtime-status] [12456] Running us-central1-api in mode HTTPS {"metadata":{"emulator":{"name":"functions"},"function":{"name":"us-central1-api"},"message":"[runtime-status] [12456] Running us-central1-api in mode HTTPS"}}
[debug] [2021-08-22T18:50:58.366Z] [runtime-status] [12456] Attempting to listen to socketPath: \\?\pipe\C:\Users\ARJUN SINGH\Desktop\wildlife\functions\12456 {"metadata":{"emulator":{"name":"functions"},"function":{"name":"us-central1-api"},"message":"[runtime-status] [12456] Attempting to listen to socketPath: \\\\?\\pipe\\C:\\Users\\ARJUN SINGH\\Desktop\\wildlife\\functions\\12456"}}
[debug] [2021-08-22T18:50:58.369Z] [functions] Runtime ready! Sending request! {"metadata":{"emulator":{"name":"functions"},"message":"[functions] Runtime ready! Sending request!"}}
[debug] [2021-08-22T18:50:58.370Z] [functions] Got req.url=/benze-ecommerce/us-central1/api, mapping to path=/ {"metadata":{"emulator":{"name":"functions"},"message":"[functions] Got req.url=/benze-ecommerce/us-central1/api, mapping to path=/"}}
[debug] [2021-08-22T18:50:58.379Z] [runtime-status] [12456] Ephemeral server handling GET request {"metadata":{"emulator":{"name":"functions"},"function":{"name":"us-central1-api"},"message":"[runtime-status] [12456] Ephemeral server handling GET request"}}
[debug] [2021-08-22T18:50:58.385Z] [runtime-status] [12456] Ephemeral server survived. {"metadata":{"emulator":{"name":"functions"},"function":{"name":"us-central1-api"},"message":"[runtime-status] [12456] Ephemeral server survived."}}
[info] i  functions: Finished "us-central1-api" in ~1s {"metadata":{"emulator":{"name":"functions"},"function":{"name":"us-central1-api"},"message":"Finished \"us-central1-api\" in ~1s"}}
[debug] [2021-08-22T18:50:58.388Z] [worker-us-central1-api-87326f47-389d-41da-b8be-26bd9a306294]: IDLE {"metadata":{"emulator":{"name":"functions"},"message":"[worker-us-central1-api-87326f47-389d-41da-b8be-26bd9a306294]: IDLE"}}
[debug] [2021-08-22T18:50:58.389Z] [work-queue] {"queueLength":0,"workRunningCount":0}
